build/outputs/logs/manifest-merger-arm-release-report.txt
-- Merging decision tree log ---
manifest
ADDED from samples\SpeechRecoExample\AndroidManifest.xml:2:1-39:12
	package
		ADDED from samples\SpeechRecoExample\AndroidManifest.xml:3:5-60
	android:versionName
		ADDED from samples\SpeechRecoExample\AndroidManifest.xml:5:5-30
		INJECTED from samples\SpeechRecoExample\AndroidManifest.xml
		INJECTED from samples\SpeechRecoExample\AndroidManifest.xml
	android:versionCode
		ADDED from samples\SpeechRecoExample\AndroidManifest.xml:4:5-28
		INJECTED from samples\SpeechRecoExample\AndroidManifest.xml
		INJECTED from samples\SpeechRecoExample\AndroidManifest.xml
	xmlns:android
		ADDED from samples\SpeechRecoExample\AndroidManifest.xml:2:11-69
uses-sdk
ADDED from samples\SpeechRecoExample\AndroidManifest.xml:7:5-9:41
MERGED from [com.microsoft.projectoxford:speechrecognition:0.6.0] AndroidManifest.xml:7:5-9:41
MERGED from [com.android.support:support-v4:24.1.1] AndroidManifest.xml:21:5-23:54
	tools:overrideLibrary
		ADDED from [com.android.support:support-v4:24.1.1] AndroidManifest.xml:23:9-51
	android:targetSdkVersion
		ADDED from samples\SpeechRecoExample\AndroidManifest.xml:9:9-38
	android:minSdkVersion
		ADDED from samples\SpeechRecoExample\AndroidManifest.xml:8:9-35
uses-permission#android.permission.INTERNET
ADDED from samples\SpeechRecoExample\AndroidManifest.xml:11:5-67
MERGED from [com.microsoft.projectoxford:speechrecognition:0.6.0] AndroidManifest.xml:11:5-67
	android:name
		ADDED from samples\SpeechRecoExample\AndroidManifest.xml:11:22-64
uses-permission#android.permission.RECORD_AUDIO
ADDED from samples\SpeechRecoExample\AndroidManifest.xml:12:5-71
MERGED from [com.microsoft.projectoxford:speechrecognition:0.6.0] AndroidManifest.xml:12:5-71
	android:name
		ADDED from samples\SpeechRecoExample\AndroidManifest.xml:12:22-68
uses-permission#android.permission.CHANGE_WIFI_MULTICAST_STATE
ADDED from samples\SpeechRecoExample\AndroidManifest.xml:13:5-86
MERGED from [com.microsoft.projectoxford:speechrecognition:0.6.0] AndroidManifest.xml:13:5-86
	android:name
		ADDED from samples\SpeechRecoExample\AndroidManifest.xml:13:22-83
uses-permission#android.permission.ACCESS_WIFI_STATE
ADDED from samples\SpeechRecoExample\AndroidManifest.xml:14:5-76
MERGED from [com.microsoft.projectoxford:speechrecognition:0.6.0] AndroidManifest.xml:14:5-76
	android:name
		ADDED from samples\SpeechRecoExample\AndroidManifest.xml:14:22-73
uses-permission#android.permission.ACCESS_NETWORK_STATE
ADDED from samples\SpeechRecoExample\AndroidManifest.xml:15:5-79
MERGED from [com.microsoft.projectoxford:speechrecognition:0.6.0] AndroidManifest.xml:15:5-79
	android:name
		ADDED from samples\SpeechRecoExample\AndroidManifest.xml:15:22-76
uses-permission#android.permission.WRITE_EXTERNAL_STORAGE
ADDED from samples\SpeechRecoExample\AndroidManifest.xml:16:5-81
MERGED from [com.microsoft.projectoxford:speechrecognition:0.6.0] AndroidManifest.xml:16:5-81
	android:name
		ADDED from samples\SpeechRecoExample\AndroidManifest.xml:16:22-78
uses-permission#android.permission.READ_PHONE_STATE
ADDED from samples\SpeechRecoExample\AndroidManifest.xml:17:5-75
MERGED from [com.microsoft.projectoxford:speechrecognition:0.6.0] AndroidManifest.xml:17:5-75
	android:name
		ADDED from samples\SpeechRecoExample\AndroidManifest.xml:17:22-72
uses-permission#android.permission.READ_EXTERNAL_STORAGE
ADDED from samples\SpeechRecoExample\AndroidManifest.xml:18:5-80
	android:name
		ADDED from samples\SpeechRecoExample\AndroidManifest.xml:18:22-77
uses-permission#android.permission.VIBRATE
ADDED from samples\SpeechRecoExample\AndroidManifest.xml:19:5-65
	android:name
		ADDED from samples\SpeechRecoExample\AndroidManifest.xml:19:22-63
application
ADDED from samples\SpeechRecoExample\AndroidManifest.xml:21:5-37:19
MERGED from [com.android.support:support-v4:24.1.1] AndroidManifest.xml:25:5-20
	android:label
		ADDED from samples\SpeechRecoExample\AndroidManifest.xml:24:9-41
	android:allowBackup
		ADDED from samples\SpeechRecoExample\AndroidManifest.xml:22:9-35
	android:icon
		ADDED from samples\SpeechRecoExample\AndroidManifest.xml:23:9-45
	android:theme
		ADDED from samples\SpeechRecoExample\AndroidManifest.xml:25:9-40
activity#com.microsoft.AzureIntelligentServicesExample.MainActivity
ADDED from samples\SpeechRecoExample\AndroidManifest.xml:26:9-29:20
	android:label
		ADDED from samples\SpeechRecoExample\AndroidManifest.xml:28:13-45
	android:name
		ADDED from samples\SpeechRecoExample\AndroidManifest.xml:27:13-41
activity#com.microsoft.AzureIntelligentServicesExample.welcomeActivity
ADDED from samples\SpeechRecoExample\AndroidManifest.xml:30:9-35:20
	android:name
		ADDED from samples\SpeechRecoExample\AndroidManifest.xml:30:19-50
intent-filter#android.intent.action.MAIN+android.intent.category.LAUNCHER
ADDED from samples\SpeechRecoExample\AndroidManifest.xml:31:13-34:29
action#android.intent.action.MAIN
ADDED from samples\SpeechRecoExample\AndroidManifest.xml:32:17-69
	android:name
		ADDED from samples\SpeechRecoExample\AndroidManifest.xml:32:25-66
category#android.intent.category.LAUNCHER
ADDED from samples\SpeechRecoExample\AndroidManifest.xml:33:17-77
	android:name
		ADDED from samples\SpeechRecoExample\AndroidManifest.xml:33:27-74
service#com.microsoft.AzureIntelligentServicesExample.listenService
ADDED from samples\SpeechRecoExample\AndroidManifest.xml:36:9-50
	android:name
		ADDED from samples\SpeechRecoExample\AndroidManifest.xml:36:18-47